TN:
SF:src/noteApp.ts
FN:4,(anonymous_0)
FN:8,(anonymous_1)
FN:27,(anonymous_2)
FN:39,(anonymous_3)
FN:43,(anonymous_4)
FN:47,(anonymous_5)
FNF:6
FNH:3
FNDA:1,(anonymous_0)
FNDA:1,(anonymous_1)
FNDA:1,(anonymous_2)
FNDA:0,(anonymous_3)
FNDA:0,(anonymous_4)
FNDA:0,(anonymous_5)
DA:1,1
DA:2,1
DA:3,1
DA:9,1
DA:10,1
DA:12,1
DA:13,1
DA:14,1
DA:15,0
DA:17,1
DA:18,1
DA:19,1
DA:22,0
DA:28,1
DA:29,1
DA:30,1
DA:31,1
DA:32,1
DA:35,0
DA:48,0
DA:49,0
DA:50,0
DA:52,0
DA:53,0
DA:55,0
DA:57,0
DA:58,0
DA:60,0
DA:61,0
DA:63,0
DA:64,0
DA:66,0
DA:67,0
LF:33
LH:16
BRDA:13,0,0,1
BRDA:13,0,1,0
BRDA:14,1,0,0
BRDA:14,1,1,1
BRDA:29,2,0,1
BRDA:29,2,1,0
BRDA:56,3,0,0
BRDA:56,3,1,0
BRDA:56,3,2,0
BRDA:56,3,3,0
BRF:10
BRH:3
end_of_record
